2022-06-30 10:46:50,119 INFO  [restartedMain] com.pratian.PatientService.PatientServiceApplication : Starting PatientServiceApplication using Java 17.0.2 on DESKTOP-VAHVOAK with PID 12428 (E:\careerlabs\app\patient-service\target\classes started by ADMIN in E:\careerlabs\app\patient-service)
2022-06-30 10:46:50,126 INFO  [restartedMain] com.pratian.PatientService.PatientServiceApplication : The following profiles are active: local
2022-06-30 10:46:50,310 INFO  [restartedMain] org.springframework.boot.devtools.env.DevToolsPropertyDefaultsPostProcessor : Devtools property defaults active! Set 'spring.devtools.add-properties' to 'false' to disable
2022-06-30 10:46:50,311 INFO  [restartedMain] org.springframework.boot.devtools.env.DevToolsPropertyDefaultsPostProcessor : For additional web related logging consider setting the 'logging.level.web' property to 'DEBUG'
2022-06-30 10:46:51,847 INFO  [restartedMain] org.springframework.data.repository.config.RepositoryConfigurationDelegate : Bootstrapping Spring Data JPA repositories in DEFAULT mode.
2022-06-30 10:46:51,941 INFO  [restartedMain] org.springframework.data.repository.config.RepositoryConfigurationDelegate : Finished Spring Data repository scanning in 78 ms. Found 5 JPA repository interfaces.
2022-06-30 10:46:52,797 INFO  [restartedMain] org.springframework.boot.web.embedded.tomcat.TomcatWebServer : Tomcat initialized with port(s): 8092 (http)
2022-06-30 10:46:52,838 INFO  [restartedMain] org.apache.catalina.core.StandardService : Starting service [Tomcat]
2022-06-30 10:46:52,839 INFO  [restartedMain] org.apache.catalina.core.StandardEngine : Starting Servlet engine: [Apache Tomcat/9.0.43]
2022-06-30 10:46:52,996 INFO  [restartedMain] org.apache.catalina.core.ContainerBase.[Tomcat].[localhost].[/patient] : Initializing Spring embedded WebApplicationContext
2022-06-30 10:46:52,997 INFO  [restartedMain] org.springframework.boot.web.servlet.context.ServletWebServerApplicationContext : Root WebApplicationContext: initialization completed in 2659 ms
2022-06-30 10:46:53,301 INFO  [restartedMain] org.hibernate.jpa.internal.util.LogHelper : HHH000204: Processing PersistenceUnitInfo [name: default]
2022-06-30 10:46:53,370 INFO  [restartedMain] org.hibernate.Version : HHH000412: Hibernate ORM core version 5.4.28.Final
2022-06-30 10:46:53,567 INFO  [restartedMain] org.hibernate.annotations.common.Version : HCANN000001: Hibernate Commons Annotations {5.1.2.Final}
2022-06-30 10:46:53,691 INFO  [restartedMain] com.zaxxer.hikari.HikariDataSource : HikariPool-1 - Starting...
2022-06-30 10:46:55,883 ERROR [restartedMain] com.zaxxer.hikari.pool.HikariPool : HikariPool-1 - Exception during pool initialization.
java.sql.SQLException: Access denied for user 'root'@'106.51.36.182' (using password: YES)
	at com.mysql.cj.jdbc.exceptions.SQLError.createSQLException(SQLError.java:129)
	at com.mysql.cj.jdbc.exceptions.SQLExceptionsMapping.translateException(SQLExceptionsMapping.java:122)
	at com.mysql.cj.jdbc.ConnectionImpl.createNewIO(ConnectionImpl.java:833)
	at com.mysql.cj.jdbc.ConnectionImpl.<init>(ConnectionImpl.java:453)
	at com.mysql.cj.jdbc.ConnectionImpl.getInstance(ConnectionImpl.java:246)
	at com.mysql.cj.jdbc.NonRegisteringDriver.connect(NonRegisteringDriver.java:198)
	at com.zaxxer.hikari.util.DriverDataSource.getConnection(DriverDataSource.java:138)
	at com.zaxxer.hikari.pool.PoolBase.newConnection(PoolBase.java:358)
	at com.zaxxer.hikari.pool.PoolBase.newPoolEntry(PoolBase.java:206)
	at com.zaxxer.hikari.pool.HikariPool.createPoolEntry(HikariPool.java:477)
	at com.zaxxer.hikari.pool.HikariPool.checkFailFast(HikariPool.java:560)
	at com.zaxxer.hikari.pool.HikariPool.<init>(HikariPool.java:115)
	at com.zaxxer.hikari.HikariDataSource.getConnection(HikariDataSource.java:112)
	at org.hibernate.engine.jdbc.connections.internal.DatasourceConnectionProviderImpl.getConnection(DatasourceConnectionProviderImpl.java:122)
	at org.hibernate.engine.jdbc.env.internal.JdbcEnvironmentInitiator$ConnectionProviderJdbcConnectionAccess.obtainConnection(JdbcEnvironmentInitiator.java:180)
	at org.hibernate.engine.jdbc.env.internal.JdbcEnvironmentInitiator.initiateService(JdbcEnvironmentInitiator.java:68)
	at org.hibernate.engine.jdbc.env.internal.JdbcEnvironmentInitiator.initiateService(JdbcEnvironmentInitiator.java:35)
	at org.hibernate.boot.registry.internal.StandardServiceRegistryImpl.initiateService(StandardServiceRegistryImpl.java:101)
	at org.hibernate.service.internal.AbstractServiceRegistryImpl.createService(AbstractServiceRegistryImpl.java:263)
	at org.hibernate.service.internal.AbstractServiceRegistryImpl.initializeService(AbstractServiceRegistryImpl.java:237)
	at org.hibernate.service.internal.AbstractServiceRegistryImpl.getService(AbstractServiceRegistryImpl.java:214)
	at org.hibernate.id.factory.internal.DefaultIdentifierGeneratorFactory.injectServices(DefaultIdentifierGeneratorFactory.java:152)
	at org.hibernate.service.internal.AbstractServiceRegistryImpl.injectDependencies(AbstractServiceRegistryImpl.java:286)
	at org.hibernate.service.internal.AbstractServiceRegistryImpl.initializeService(AbstractServiceRegistryImpl.java:243)
	at org.hibernate.service.internal.AbstractServiceRegistryImpl.getService(AbstractServiceRegistryImpl.java:214)
	at org.hibernate.boot.internal.InFlightMetadataCollectorImpl.<init>(InFlightMetadataCollectorImpl.java:176)
	at org.hibernate.boot.model.process.spi.MetadataBuildingProcess.complete(MetadataBuildingProcess.java:127)
	at org.hibernate.jpa.boot.internal.EntityManagerFactoryBuilderImpl.metadata(EntityManagerFactoryBuilderImpl.java:1224)
	at org.hibernate.jpa.boot.internal.EntityManagerFactoryBuilderImpl.build(EntityManagerFactoryBuilderImpl.java:1255)
	at org.springframework.orm.jpa.vendor.SpringHibernateJpaPersistenceProvider.createContainerEntityManagerFactory(SpringHibernateJpaPersistenceProvider.java:58)
	at org.springframework.orm.jpa.LocalContainerEntityManagerFactoryBean.createNativeEntityManagerFactory(LocalContainerEntityManagerFactoryBean.java:365)
	at org.springframework.orm.jpa.AbstractEntityManagerFactoryBean.buildNativeEntityManagerFactory(AbstractEntityManagerFactoryBean.java:409)
	at org.springframework.orm.jpa.AbstractEntityManagerFactoryBean.afterPropertiesSet(AbstractEntityManagerFactoryBean.java:396)
	at org.springframework.orm.jpa.LocalContainerEntityManagerFactoryBean.afterPropertiesSet(LocalContainerEntityManagerFactoryBean.java:341)
	at org.springframework.beans.factory.support.AbstractAutowireCapableBeanFactory.invokeInitMethods(AbstractAutowireCapableBeanFactory.java:1845)
	at org.springframework.beans.factory.support.AbstractAutowireCapableBeanFactory.initializeBean(AbstractAutowireCapableBeanFactory.java:1782)
	at org.springframework.beans.factory.support.AbstractAutowireCapableBeanFactory.doCreateBean(AbstractAutowireCapableBeanFactory.java:602)
	at org.springframework.beans.factory.support.AbstractAutowireCapableBeanFactory.createBean(AbstractAutowireCapableBeanFactory.java:524)
	at org.springframework.beans.factory.support.AbstractBeanFactory.lambda$doGetBean$0(AbstractBeanFactory.java:335)
	at org.springframework.beans.factory.support.DefaultSingletonBeanRegistry.getSingleton(DefaultSingletonBeanRegistry.java:234)
	at org.springframework.beans.factory.support.AbstractBeanFactory.doGetBean(AbstractBeanFactory.java:333)
	at org.springframework.beans.factory.support.AbstractBeanFactory.getBean(AbstractBeanFactory.java:208)
	at org.springframework.context.support.AbstractApplicationContext.getBean(AbstractApplicationContext.java:1153)
	at org.springframework.context.support.AbstractApplicationContext.finishBeanFactoryInitialization(AbstractApplicationContext.java:907)
	at org.springframework.context.support.AbstractApplicationContext.refresh(AbstractApplicationContext.java:582)
	at org.springframework.boot.web.servlet.context.ServletWebServerApplicationContext.refresh(ServletWebServerApplicationContext.java:144)
	at org.springframework.boot.SpringApplication.refresh(SpringApplication.java:767)
	at org.springframework.boot.SpringApplication.refresh(SpringApplication.java:759)
	at org.springframework.boot.SpringApplication.refreshContext(SpringApplication.java:426)
	at org.springframework.boot.SpringApplication.run(SpringApplication.java:326)
	at org.springframework.boot.SpringApplication.run(SpringApplication.java:1311)
	at org.springframework.boot.SpringApplication.run(SpringApplication.java:1300)
	at com.pratian.PatientService.PatientServiceApplication.main(PatientServiceApplication.java:22)
	at java.base/jdk.internal.reflect.NativeMethodAccessorImpl.invoke0(Native Method)
	at java.base/jdk.internal.reflect.NativeMethodAccessorImpl.invoke(NativeMethodAccessorImpl.java:77)
	at java.base/jdk.internal.reflect.DelegatingMethodAccessorImpl.invoke(DelegatingMethodAccessorImpl.java:43)
	at java.base/java.lang.reflect.Method.invoke(Method.java:568)
	at org.springframework.boot.devtools.restart.RestartLauncher.run(RestartLauncher.java:49)
2022-06-30 10:46:55,893 WARN  [restartedMain] org.hibernate.engine.jdbc.env.internal.JdbcEnvironmentInitiator : HHH000342: Could not obtain connection to query metadata
java.sql.SQLException: Access denied for user 'root'@'106.51.36.182' (using password: YES)
	at com.mysql.cj.jdbc.exceptions.SQLError.createSQLException(SQLError.java:129)
	at com.mysql.cj.jdbc.exceptions.SQLExceptionsMapping.translateException(SQLExceptionsMapping.java:122)
	at com.mysql.cj.jdbc.ConnectionImpl.createNewIO(ConnectionImpl.java:833)
	at com.mysql.cj.jdbc.ConnectionImpl.<init>(ConnectionImpl.java:453)
	at com.mysql.cj.jdbc.ConnectionImpl.getInstance(ConnectionImpl.java:246)
	at com.mysql.cj.jdbc.NonRegisteringDriver.connect(NonRegisteringDriver.java:198)
	at com.zaxxer.hikari.util.DriverDataSource.getConnection(DriverDataSource.java:138)
	at com.zaxxer.hikari.pool.PoolBase.newConnection(PoolBase.java:358)
	at com.zaxxer.hikari.pool.PoolBase.newPoolEntry(PoolBase.java:206)
	at com.zaxxer.hikari.pool.HikariPool.createPoolEntry(HikariPool.java:477)
	at com.zaxxer.hikari.pool.HikariPool.checkFailFast(HikariPool.java:560)
	at com.zaxxer.hikari.pool.HikariPool.<init>(HikariPool.java:115)
	at com.zaxxer.hikari.HikariDataSource.getConnection(HikariDataSource.java:112)
	at org.hibernate.engine.jdbc.connections.internal.DatasourceConnectionProviderImpl.getConnection(DatasourceConnectionProviderImpl.java:122)
	at org.hibernate.engine.jdbc.env.internal.JdbcEnvironmentInitiator$ConnectionProviderJdbcConnectionAccess.obtainConnection(JdbcEnvironmentInitiator.java:180)
	at org.hibernate.engine.jdbc.env.internal.JdbcEnvironmentInitiator.initiateService(JdbcEnvironmentInitiator.java:68)
	at org.hibernate.engine.jdbc.env.internal.JdbcEnvironmentInitiator.initiateService(JdbcEnvironmentInitiator.java:35)
	at org.hibernate.boot.registry.internal.StandardServiceRegistryImpl.initiateService(StandardServiceRegistryImpl.java:101)
	at org.hibernate.service.internal.AbstractServiceRegistryImpl.createService(AbstractServiceRegistryImpl.java:263)
	at org.hibernate.service.internal.AbstractServiceRegistryImpl.initializeService(AbstractServiceRegistryImpl.java:237)
	at org.hibernate.service.internal.AbstractServiceRegistryImpl.getService(AbstractServiceRegistryImpl.java:214)
	at org.hibernate.id.factory.internal.DefaultIdentifierGeneratorFactory.injectServices(DefaultIdentifierGeneratorFactory.java:152)
	at org.hibernate.service.internal.AbstractServiceRegistryImpl.injectDependencies(AbstractServiceRegistryImpl.java:286)
	at org.hibernate.service.internal.AbstractServiceRegistryImpl.initializeService(AbstractServiceRegistryImpl.java:243)
	at org.hibernate.service.internal.AbstractServiceRegistryImpl.getService(AbstractServiceRegistryImpl.java:214)
	at org.hibernate.boot.internal.InFlightMetadataCollectorImpl.<init>(InFlightMetadataCollectorImpl.java:176)
	at org.hibernate.boot.model.process.spi.MetadataBuildingProcess.complete(MetadataBuildingProcess.java:127)
	at org.hibernate.jpa.boot.internal.EntityManagerFactoryBuilderImpl.metadata(EntityManagerFactoryBuilderImpl.java:1224)
	at org.hibernate.jpa.boot.internal.EntityManagerFactoryBuilderImpl.build(EntityManagerFactoryBuilderImpl.java:1255)
	at org.springframework.orm.jpa.vendor.SpringHibernateJpaPersistenceProvider.createContainerEntityManagerFactory(SpringHibernateJpaPersistenceProvider.java:58)
	at org.springframework.orm.jpa.LocalContainerEntityManagerFactoryBean.createNativeEntityManagerFactory(LocalContainerEntityManagerFactoryBean.java:365)
	at org.springframework.orm.jpa.AbstractEntityManagerFactoryBean.buildNativeEntityManagerFactory(AbstractEntityManagerFactoryBean.java:409)
	at org.springframework.orm.jpa.AbstractEntityManagerFactoryBean.afterPropertiesSet(AbstractEntityManagerFactoryBean.java:396)
	at org.springframework.orm.jpa.LocalContainerEntityManagerFactoryBean.afterPropertiesSet(LocalContainerEntityManagerFactoryBean.java:341)
	at org.springframework.beans.factory.support.AbstractAutowireCapableBeanFactory.invokeInitMethods(AbstractAutowireCapableBeanFactory.java:1845)
	at org.springframework.beans.factory.support.AbstractAutowireCapableBeanFactory.initializeBean(AbstractAutowireCapableBeanFactory.java:1782)
	at org.springframework.beans.factory.support.AbstractAutowireCapableBeanFactory.doCreateBean(AbstractAutowireCapableBeanFactory.java:602)
	at org.springframework.beans.factory.support.AbstractAutowireCapableBeanFactory.createBean(AbstractAutowireCapableBeanFactory.java:524)
	at org.springframework.beans.factory.support.AbstractBeanFactory.lambda$doGetBean$0(AbstractBeanFactory.java:335)
	at org.springframework.beans.factory.support.DefaultSingletonBeanRegistry.getSingleton(DefaultSingletonBeanRegistry.java:234)
	at org.springframework.beans.factory.support.AbstractBeanFactory.doGetBean(AbstractBeanFactory.java:333)
	at org.springframework.beans.factory.support.AbstractBeanFactory.getBean(AbstractBeanFactory.java:208)
	at org.springframework.context.support.AbstractApplicationContext.getBean(AbstractApplicationContext.java:1153)
	at org.springframework.context.support.AbstractApplicationContext.finishBeanFactoryInitialization(AbstractApplicationContext.java:907)
	at org.springframework.context.support.AbstractApplicationContext.refresh(AbstractApplicationContext.java:582)
	at org.springframework.boot.web.servlet.context.ServletWebServerApplicationContext.refresh(ServletWebServerApplicationContext.java:144)
	at org.springframework.boot.SpringApplication.refresh(SpringApplication.java:767)
	at org.springframework.boot.SpringApplication.refresh(SpringApplication.java:759)
	at org.springframework.boot.SpringApplication.refreshContext(SpringApplication.java:426)
	at org.springframework.boot.SpringApplication.run(SpringApplication.java:326)
	at org.springframework.boot.SpringApplication.run(SpringApplication.java:1311)
	at org.springframework.boot.SpringApplication.run(SpringApplication.java:1300)
	at com.pratian.PatientService.PatientServiceApplication.main(PatientServiceApplication.java:22)
	at java.base/jdk.internal.reflect.NativeMethodAccessorImpl.invoke0(Native Method)
	at java.base/jdk.internal.reflect.NativeMethodAccessorImpl.invoke(NativeMethodAccessorImpl.java:77)
	at java.base/jdk.internal.reflect.DelegatingMethodAccessorImpl.invoke(DelegatingMethodAccessorImpl.java:43)
	at java.base/java.lang.reflect.Method.invoke(Method.java:568)
	at org.springframework.boot.devtools.restart.RestartLauncher.run(RestartLauncher.java:49)
2022-06-30 10:46:55,947 INFO  [restartedMain] org.hibernate.dialect.Dialect : HHH000400: Using dialect: org.hibernate.dialect.MySQL8Dialect
2022-06-30 10:46:56,729 INFO  [restartedMain] com.zaxxer.hikari.HikariDataSource : HikariPool-1 - Starting...
2022-06-30 10:46:57,915 ERROR [restartedMain] com.zaxxer.hikari.pool.HikariPool : HikariPool-1 - Exception during pool initialization.
java.sql.SQLException: Access denied for user 'root'@'106.51.36.182' (using password: YES)
	at com.mysql.cj.jdbc.exceptions.SQLError.createSQLException(SQLError.java:129)
	at com.mysql.cj.jdbc.exceptions.SQLExceptionsMapping.translateException(SQLExceptionsMapping.java:122)
	at com.mysql.cj.jdbc.ConnectionImpl.createNewIO(ConnectionImpl.java:833)
	at com.mysql.cj.jdbc.ConnectionImpl.<init>(ConnectionImpl.java:453)
	at com.mysql.cj.jdbc.ConnectionImpl.getInstance(ConnectionImpl.java:246)
	at com.mysql.cj.jdbc.NonRegisteringDriver.connect(NonRegisteringDriver.java:198)
	at com.zaxxer.hikari.util.DriverDataSource.getConnection(DriverDataSource.java:138)
	at com.zaxxer.hikari.pool.PoolBase.newConnection(PoolBase.java:358)
	at com.zaxxer.hikari.pool.PoolBase.newPoolEntry(PoolBase.java:206)
	at com.zaxxer.hikari.pool.HikariPool.createPoolEntry(HikariPool.java:477)
	at com.zaxxer.hikari.pool.HikariPool.checkFailFast(HikariPool.java:560)
	at com.zaxxer.hikari.pool.HikariPool.<init>(HikariPool.java:115)
	at com.zaxxer.hikari.HikariDataSource.getConnection(HikariDataSource.java:112)
	at org.hibernate.engine.jdbc.connections.internal.DatasourceConnectionProviderImpl.getConnection(DatasourceConnectionProviderImpl.java:122)
	at org.hibernate.engine.jdbc.env.internal.JdbcEnvironmentInitiator$ConnectionProviderJdbcConnectionAccess.obtainConnection(JdbcEnvironmentInitiator.java:180)
	at org.hibernate.resource.transaction.backend.jdbc.internal.DdlTransactionIsolatorNonJtaImpl.getIsolatedConnection(DdlTransactionIsolatorNonJtaImpl.java:43)
	at org.hibernate.tool.schema.internal.exec.ImprovedExtractionContextImpl.getJdbcConnection(ImprovedExtractionContextImpl.java:60)
	at org.hibernate.tool.schema.internal.exec.ImprovedExtractionContextImpl.getJdbcDatabaseMetaData(ImprovedExtractionContextImpl.java:67)
	at org.hibernate.tool.schema.extract.internal.InformationExtractorJdbcDatabaseMetaDataImpl.getTables(InformationExtractorJdbcDatabaseMetaDataImpl.java:333)
	at org.hibernate.tool.schema.extract.internal.DatabaseInformationImpl.getTablesInformation(DatabaseInformationImpl.java:120)
	at org.hibernate.tool.schema.internal.GroupedSchemaMigratorImpl.performTablesMigration(GroupedSchemaMigratorImpl.java:65)
	at org.hibernate.tool.schema.internal.AbstractSchemaMigrator.performMigration(AbstractSchemaMigrator.java:207)
	at org.hibernate.tool.schema.internal.AbstractSchemaMigrator.doMigration(AbstractSchemaMigrator.java:114)
	at org.hibernate.tool.schema.spi.SchemaManagementToolCoordinator.performDatabaseAction(SchemaManagementToolCoordinator.java:184)
	at org.hibernate.tool.schema.spi.SchemaManagementToolCoordinator.process(SchemaManagementToolCoordinator.java:73)
	at org.hibernate.internal.SessionFactoryImpl.<init>(SessionFactoryImpl.java:318)
	at org.hibernate.boot.internal.SessionFactoryBuilderImpl.build(SessionFactoryBuilderImpl.java:468)
	at org.hibernate.jpa.boot.internal.EntityManagerFactoryBuilderImpl.build(EntityManagerFactoryBuilderImpl.java:1259)
	at org.springframework.orm.jpa.vendor.SpringHibernateJpaPersistenceProvider.createContainerEntityManagerFactory(SpringHibernateJpaPersistenceProvider.java:58)
	at org.springframework.orm.jpa.LocalContainerEntityManagerFactoryBean.createNativeEntityManagerFactory(LocalContainerEntityManagerFactoryBean.java:365)
	at org.springframework.orm.jpa.AbstractEntityManagerFactoryBean.buildNativeEntityManagerFactory(AbstractEntityManagerFactoryBean.java:409)
	at org.springframework.orm.jpa.AbstractEntityManagerFactoryBean.afterPropertiesSet(AbstractEntityManagerFactoryBean.java:396)
	at org.springframework.orm.jpa.LocalContainerEntityManagerFactoryBean.afterPropertiesSet(LocalContainerEntityManagerFactoryBean.java:341)
	at org.springframework.beans.factory.support.AbstractAutowireCapableBeanFactory.invokeInitMethods(AbstractAutowireCapableBeanFactory.java:1845)
	at org.springframework.beans.factory.support.AbstractAutowireCapableBeanFactory.initializeBean(AbstractAutowireCapableBeanFactory.java:1782)
	at org.springframework.beans.factory.support.AbstractAutowireCapableBeanFactory.doCreateBean(AbstractAutowireCapableBeanFactory.java:602)
	at org.springframework.beans.factory.support.AbstractAutowireCapableBeanFactory.createBean(AbstractAutowireCapableBeanFactory.java:524)
	at org.springframework.beans.factory.support.AbstractBeanFactory.lambda$doGetBean$0(AbstractBeanFactory.java:335)
	at org.springframework.beans.factory.support.DefaultSingletonBeanRegistry.getSingleton(DefaultSingletonBeanRegistry.java:234)
	at org.springframework.beans.factory.support.AbstractBeanFactory.doGetBean(AbstractBeanFactory.java:333)
	at org.springframework.beans.factory.support.AbstractBeanFactory.getBean(AbstractBeanFactory.java:208)
	at org.springframework.context.support.AbstractApplicationContext.getBean(AbstractApplicationContext.java:1153)
	at org.springframework.context.support.AbstractApplicationContext.finishBeanFactoryInitialization(AbstractApplicationContext.java:907)
	at org.springframework.context.support.AbstractApplicationContext.refresh(AbstractApplicationContext.java:582)
	at org.springframework.boot.web.servlet.context.ServletWebServerApplicationContext.refresh(ServletWebServerApplicationContext.java:144)
	at org.springframework.boot.SpringApplication.refresh(SpringApplication.java:767)
	at org.springframework.boot.SpringApplication.refresh(SpringApplication.java:759)
	at org.springframework.boot.SpringApplication.refreshContext(SpringApplication.java:426)
	at org.springframework.boot.SpringApplication.run(SpringApplication.java:326)
	at org.springframework.boot.SpringApplication.run(SpringApplication.java:1311)
	at org.springframework.boot.SpringApplication.run(SpringApplication.java:1300)
	at com.pratian.PatientService.PatientServiceApplication.main(PatientServiceApplication.java:22)
	at java.base/jdk.internal.reflect.NativeMethodAccessorImpl.invoke0(Native Method)
	at java.base/jdk.internal.reflect.NativeMethodAccessorImpl.invoke(NativeMethodAccessorImpl.java:77)
	at java.base/jdk.internal.reflect.DelegatingMethodAccessorImpl.invoke(DelegatingMethodAccessorImpl.java:43)
	at java.base/java.lang.reflect.Method.invoke(Method.java:568)
	at org.springframework.boot.devtools.restart.RestartLauncher.run(RestartLauncher.java:49)
2022-06-30 10:46:57,924 WARN  [restartedMain] org.hibernate.engine.jdbc.spi.SqlExceptionHelper : SQL Error: 1045, SQLState: 28000
2022-06-30 10:46:57,929 ERROR [restartedMain] org.hibernate.engine.jdbc.spi.SqlExceptionHelper : Access denied for user 'root'@'106.51.36.182' (using password: YES)
2022-06-30 10:46:57,949 ERROR [restartedMain] org.springframework.orm.jpa.LocalContainerEntityManagerFactoryBean : Failed to initialize JPA EntityManagerFactory: [PersistenceUnit: default] Unable to build Hibernate SessionFactory; nested exception is org.hibernate.exception.GenericJDBCException: Unable to open JDBC Connection for DDL execution
2022-06-30 10:46:57,950 WARN  [restartedMain] org.springframework.boot.web.servlet.context.AnnotationConfigServletWebServerApplicationContext : Exception encountered during context initialization - cancelling refresh attempt: org.springframework.beans.factory.BeanCreationException: Error creating bean with name 'entityManagerFactory' defined in class path resource [org/springframework/boot/autoconfigure/orm/jpa/HibernateJpaConfiguration.class]: Invocation of init method failed; nested exception is javax.persistence.PersistenceException: [PersistenceUnit: default] Unable to build Hibernate SessionFactory; nested exception is org.hibernate.exception.GenericJDBCException: Unable to open JDBC Connection for DDL execution
2022-06-30 10:46:57,958 INFO  [restartedMain] org.apache.catalina.core.StandardService : Stopping service [Tomcat]
2022-06-30 10:46:57,983 INFO  [restartedMain] org.springframework.boot.autoconfigure.logging.ConditionEvaluationReportLoggingListener : 

Error starting ApplicationContext. To display the conditions report re-run your application with 'debug' enabled.
2022-06-30 10:46:58,026 ERROR [restartedMain] org.springframework.boot.SpringApplication : Application run failed
org.springframework.beans.factory.BeanCreationException: Error creating bean with name 'entityManagerFactory' defined in class path resource [org/springframework/boot/autoconfigure/orm/jpa/HibernateJpaConfiguration.class]: Invocation of init method failed; nested exception is javax.persistence.PersistenceException: [PersistenceUnit: default] Unable to build Hibernate SessionFactory; nested exception is org.hibernate.exception.GenericJDBCException: Unable to open JDBC Connection for DDL execution
	at org.springframework.beans.factory.support.AbstractAutowireCapableBeanFactory.initializeBean(AbstractAutowireCapableBeanFactory.java:1786)
	at org.springframework.beans.factory.support.AbstractAutowireCapableBeanFactory.doCreateBean(AbstractAutowireCapableBeanFactory.java:602)
	at org.springframework.beans.factory.support.AbstractAutowireCapableBeanFactory.createBean(AbstractAutowireCapableBeanFactory.java:524)
	at org.springframework.beans.factory.support.AbstractBeanFactory.lambda$doGetBean$0(AbstractBeanFactory.java:335)
	at org.springframework.beans.factory.support.DefaultSingletonBeanRegistry.getSingleton(DefaultSingletonBeanRegistry.java:234)
	at org.springframework.beans.factory.support.AbstractBeanFactory.doGetBean(AbstractBeanFactory.java:333)
	at org.springframework.beans.factory.support.AbstractBeanFactory.getBean(AbstractBeanFactory.java:208)
	at org.springframework.context.support.AbstractApplicationContext.getBean(AbstractApplicationContext.java:1153)
	at org.springframework.context.support.AbstractApplicationContext.finishBeanFactoryInitialization(AbstractApplicationContext.java:907)
	at org.springframework.context.support.AbstractApplicationContext.refresh(AbstractApplicationContext.java:582)
	at org.springframework.boot.web.servlet.context.ServletWebServerApplicationContext.refresh(ServletWebServerApplicationContext.java:144)
	at org.springframework.boot.SpringApplication.refresh(SpringApplication.java:767)
	at org.springframework.boot.SpringApplication.refresh(SpringApplication.java:759)
	at org.springframework.boot.SpringApplication.refreshContext(SpringApplication.java:426)
	at org.springframework.boot.SpringApplication.run(SpringApplication.java:326)
	at org.springframework.boot.SpringApplication.run(SpringApplication.java:1311)
	at org.springframework.boot.SpringApplication.run(SpringApplication.java:1300)
	at com.pratian.PatientService.PatientServiceApplication.main(PatientServiceApplication.java:22)
	at java.base/jdk.internal.reflect.NativeMethodAccessorImpl.invoke0(Native Method)
	at java.base/jdk.internal.reflect.NativeMethodAccessorImpl.invoke(NativeMethodAccessorImpl.java:77)
	at java.base/jdk.internal.reflect.DelegatingMethodAccessorImpl.invoke(DelegatingMethodAccessorImpl.java:43)
	at java.base/java.lang.reflect.Method.invoke(Method.java:568)
	at org.springframework.boot.devtools.restart.RestartLauncher.run(RestartLauncher.java:49)
Caused by: javax.persistence.PersistenceException: [PersistenceUnit: default] Unable to build Hibernate SessionFactory; nested exception is org.hibernate.exception.GenericJDBCException: Unable to open JDBC Connection for DDL execution
	at org.springframework.orm.jpa.AbstractEntityManagerFactoryBean.buildNativeEntityManagerFactory(AbstractEntityManagerFactoryBean.java:421)
	at org.springframework.orm.jpa.AbstractEntityManagerFactoryBean.afterPropertiesSet(AbstractEntityManagerFactoryBean.java:396)
	at org.springframework.orm.jpa.LocalContainerEntityManagerFactoryBean.afterPropertiesSet(LocalContainerEntityManagerFactoryBean.java:341)
	at org.springframework.beans.factory.support.AbstractAutowireCapableBeanFactory.invokeInitMethods(AbstractAutowireCapableBeanFactory.java:1845)
	at org.springframework.beans.factory.support.AbstractAutowireCapableBeanFactory.initializeBean(AbstractAutowireCapableBeanFactory.java:1782)
	... 22 common frames omitted
Caused by: org.hibernate.exception.GenericJDBCException: Unable to open JDBC Connection for DDL execution
	at org.hibernate.exception.internal.StandardSQLExceptionConverter.convert(StandardSQLExceptionConverter.java:47)
	at org.hibernate.engine.jdbc.spi.SqlExceptionHelper.convert(SqlExceptionHelper.java:113)
	at org.hibernate.engine.jdbc.spi.SqlExceptionHelper.convert(SqlExceptionHelper.java:99)
	at org.hibernate.resource.transaction.backend.jdbc.internal.DdlTransactionIsolatorNonJtaImpl.getIsolatedConnection(DdlTransactionIsolatorNonJtaImpl.java:69)
	at org.hibernate.tool.schema.internal.exec.ImprovedExtractionContextImpl.getJdbcConnection(ImprovedExtractionContextImpl.java:60)
	at org.hibernate.tool.schema.internal.exec.ImprovedExtractionContextImpl.getJdbcDatabaseMetaData(ImprovedExtractionContextImpl.java:67)
	at org.hibernate.tool.schema.extract.internal.InformationExtractorJdbcDatabaseMetaDataImpl.getTables(InformationExtractorJdbcDatabaseMetaDataImpl.java:333)
	at org.hibernate.tool.schema.extract.internal.DatabaseInformationImpl.getTablesInformation(DatabaseInformationImpl.java:120)
	at org.hibernate.tool.schema.internal.GroupedSchemaMigratorImpl.performTablesMigration(GroupedSchemaMigratorImpl.java:65)
	at org.hibernate.tool.schema.internal.AbstractSchemaMigrator.performMigration(AbstractSchemaMigrator.java:207)
	at org.hibernate.tool.schema.internal.AbstractSchemaMigrator.doMigration(AbstractSchemaMigrator.java:114)
	at org.hibernate.tool.schema.spi.SchemaManagementToolCoordinator.performDatabaseAction(SchemaManagementToolCoordinator.java:184)
	at org.hibernate.tool.schema.spi.SchemaManagementToolCoordinator.process(SchemaManagementToolCoordinator.java:73)
	at org.hibernate.internal.SessionFactoryImpl.<init>(SessionFactoryImpl.java:318)
	at org.hibernate.boot.internal.SessionFactoryBuilderImpl.build(SessionFactoryBuilderImpl.java:468)
	at org.hibernate.jpa.boot.internal.EntityManagerFactoryBuilderImpl.build(EntityManagerFactoryBuilderImpl.java:1259)
	at org.springframework.orm.jpa.vendor.SpringHibernateJpaPersistenceProvider.createContainerEntityManagerFactory(SpringHibernateJpaPersistenceProvider.java:58)
	at org.springframework.orm.jpa.LocalContainerEntityManagerFactoryBean.createNativeEntityManagerFactory(LocalContainerEntityManagerFactoryBean.java:365)
	at org.springframework.orm.jpa.AbstractEntityManagerFactoryBean.buildNativeEntityManagerFactory(AbstractEntityManagerFactoryBean.java:409)
	... 26 common frames omitted
Caused by: java.sql.SQLException: Access denied for user 'root'@'106.51.36.182' (using password: YES)
	at com.mysql.cj.jdbc.exceptions.SQLError.createSQLException(SQLError.java:129)
	at com.mysql.cj.jdbc.exceptions.SQLExceptionsMapping.translateException(SQLExceptionsMapping.java:122)
	at com.mysql.cj.jdbc.ConnectionImpl.createNewIO(ConnectionImpl.java:833)
	at com.mysql.cj.jdbc.ConnectionImpl.<init>(ConnectionImpl.java:453)
	at com.mysql.cj.jdbc.ConnectionImpl.getInstance(ConnectionImpl.java:246)
	at com.mysql.cj.jdbc.NonRegisteringDriver.connect(NonRegisteringDriver.java:198)
	at com.zaxxer.hikari.util.DriverDataSource.getConnection(DriverDataSource.java:138)
	at com.zaxxer.hikari.pool.PoolBase.newConnection(PoolBase.java:358)
	at com.zaxxer.hikari.pool.PoolBase.newPoolEntry(PoolBase.java:206)
	at com.zaxxer.hikari.pool.HikariPool.createPoolEntry(HikariPool.java:477)
	at com.zaxxer.hikari.pool.HikariPool.checkFailFast(HikariPool.java:560)
	at com.zaxxer.hikari.pool.HikariPool.<init>(HikariPool.java:115)
	at com.zaxxer.hikari.HikariDataSource.getConnection(HikariDataSource.java:112)
	at org.hibernate.engine.jdbc.connections.internal.DatasourceConnectionProviderImpl.getConnection(DatasourceConnectionProviderImpl.java:122)
	at org.hibernate.engine.jdbc.env.internal.JdbcEnvironmentInitiator$ConnectionProviderJdbcConnectionAccess.obtainConnection(JdbcEnvironmentInitiator.java:180)
	at org.hibernate.resource.transaction.backend.jdbc.internal.DdlTransactionIsolatorNonJtaImpl.getIsolatedConnection(DdlTransactionIsolatorNonJtaImpl.java:43)
	... 41 common frames omitted
2022-06-30 10:48:43,478 INFO  [restartedMain] com.pratian.PatientService.PatientServiceApplication : Starting PatientServiceApplication using Java 17.0.2 on DESKTOP-VAHVOAK with PID 2620 (E:\careerlabs\app\patient-service\target\classes started by ADMIN in E:\careerlabs\app\patient-service)
2022-06-30 10:48:43,483 INFO  [restartedMain] com.pratian.PatientService.PatientServiceApplication : The following profiles are active: local
2022-06-30 10:48:43,556 INFO  [restartedMain] org.springframework.boot.devtools.env.DevToolsPropertyDefaultsPostProcessor : Devtools property defaults active! Set 'spring.devtools.add-properties' to 'false' to disable
2022-06-30 10:48:43,557 INFO  [restartedMain] org.springframework.boot.devtools.env.DevToolsPropertyDefaultsPostProcessor : For additional web related logging consider setting the 'logging.level.web' property to 'DEBUG'
2022-06-30 10:48:44,648 INFO  [restartedMain] org.springframework.data.repository.config.RepositoryConfigurationDelegate : Bootstrapping Spring Data JPA repositories in DEFAULT mode.
2022-06-30 10:48:44,742 INFO  [restartedMain] org.springframework.data.repository.config.RepositoryConfigurationDelegate : Finished Spring Data repository scanning in 84 ms. Found 5 JPA repository interfaces.
2022-06-30 10:48:45,568 INFO  [restartedMain] org.springframework.boot.web.embedded.tomcat.TomcatWebServer : Tomcat initialized with port(s): 8092 (http)
2022-06-30 10:48:45,581 INFO  [restartedMain] org.apache.catalina.core.StandardService : Starting service [Tomcat]
2022-06-30 10:48:45,581 INFO  [restartedMain] org.apache.catalina.core.StandardEngine : Starting Servlet engine: [Apache Tomcat/9.0.43]
2022-06-30 10:48:45,683 INFO  [restartedMain] org.apache.catalina.core.ContainerBase.[Tomcat].[localhost].[/patient] : Initializing Spring embedded WebApplicationContext
2022-06-30 10:48:45,683 INFO  [restartedMain] org.springframework.boot.web.servlet.context.ServletWebServerApplicationContext : Root WebApplicationContext: initialization completed in 2125 ms
2022-06-30 10:48:45,926 INFO  [restartedMain] org.hibernate.jpa.internal.util.LogHelper : HHH000204: Processing PersistenceUnitInfo [name: default]
2022-06-30 10:48:45,984 INFO  [restartedMain] org.hibernate.Version : HHH000412: Hibernate ORM core version 5.4.28.Final
2022-06-30 10:48:46,141 INFO  [restartedMain] org.hibernate.annotations.common.Version : HCANN000001: Hibernate Commons Annotations {5.1.2.Final}
2022-06-30 10:48:46,259 INFO  [restartedMain] com.zaxxer.hikari.HikariDataSource : HikariPool-1 - Starting...
2022-06-30 10:48:47,718 INFO  [restartedMain] com.zaxxer.hikari.HikariDataSource : HikariPool-1 - Start completed.
2022-06-30 10:48:47,750 INFO  [restartedMain] org.hibernate.dialect.Dialect : HHH000400: Using dialect: org.hibernate.dialect.MySQL8Dialect
2022-06-30 10:49:06,238 INFO  [restartedMain] org.hibernate.engine.transaction.jta.platform.internal.JtaPlatformInitiator : HHH000490: Using JtaPlatform implementation: [org.hibernate.engine.transaction.jta.platform.internal.NoJtaPlatform]
2022-06-30 10:49:06,274 INFO  [restartedMain] org.springframework.orm.jpa.LocalContainerEntityManagerFactoryBean : Initialized JPA EntityManagerFactory for persistence unit 'default'
2022-06-30 10:49:06,329 INFO  [restartedMain] org.springframework.boot.devtools.autoconfigure.OptionalLiveReloadServer : LiveReload server is running on port 35729
2022-06-30 10:49:07,181 WARN  [restartedMain] org.springframework.boot.autoconfigure.orm.jpa.JpaBaseConfiguration$JpaWebConfiguration : spring.jpa.open-in-view is enabled by default. Therefore, database queries may be performed during view rendering. Explicitly configure spring.jpa.open-in-view to disable this warning
2022-06-30 10:49:07,273 INFO  [restartedMain] org.springframework.scheduling.concurrent.ThreadPoolTaskExecutor : Initializing ExecutorService 'applicationTaskExecutor'
2022-06-30 10:49:09,230 INFO  [restartedMain] org.springframework.boot.web.embedded.tomcat.TomcatWebServer : Tomcat started on port(s): 8092 (http) with context path '/patient'
2022-06-30 10:49:09,250 INFO  [restartedMain] com.pratian.PatientService.PatientServiceApplication : Started PatientServiceApplication in 26.345 seconds (JVM running for 27.742)
2022-06-30 10:49:31,832 INFO  [http-nio-8092-exec-1] org.apache.catalina.core.ContainerBase.[Tomcat].[localhost].[/patient] : Initializing Spring DispatcherServlet 'dispatcherServlet'
2022-06-30 10:49:31,832 INFO  [http-nio-8092-exec-1] org.springframework.web.servlet.DispatcherServlet : Initializing Servlet 'dispatcherServlet'
2022-06-30 10:49:31,833 INFO  [http-nio-8092-exec-1] org.springframework.web.servlet.DispatcherServlet : Completed initialization in 1 ms
2022-06-30 10:49:37,446 INFO  [http-nio-8092-exec-6] org.springdoc.api.AbstractOpenApiResource : Init duration for springdoc-openapi is: 671 ms
2022-06-30 10:53:51,954 INFO  [http-nio-8092-exec-10] org.apache.coyote.http11.Http11Processor : Error parsing HTTP request header
 Note: further occurrences of HTTP request parsing errors will be logged at DEBUG level.
java.lang.IllegalArgumentException: Invalid character found in method name [0x160x030x010x020x000x010x000x010xfc0x030x03o0x1b0x060xa7R0xebTN0xdd0xb2770xad#0x130x800x8b0xbc]q0xed10xfc0xe90x9f0xadha0xebRs0xab]. HTTP method names must be tokens
	at org.apache.coyote.http11.Http11InputBuffer.parseRequestLine(Http11InputBuffer.java:417)
	at org.apache.coyote.http11.Http11Processor.service(Http11Processor.java:261)
	at org.apache.coyote.AbstractProcessorLight.process(AbstractProcessorLight.java:65)
	at org.apache.coyote.AbstractProtocol$ConnectionHandler.process(AbstractProtocol.java:887)
	at org.apache.tomcat.util.net.NioEndpoint$SocketProcessor.doRun(NioEndpoint.java:1684)
	at org.apache.tomcat.util.net.SocketProcessorBase.run(SocketProcessorBase.java:49)
	at java.base/java.util.concurrent.ThreadPoolExecutor.runWorker(ThreadPoolExecutor.java:1136)
	at java.base/java.util.concurrent.ThreadPoolExecutor$Worker.run(ThreadPoolExecutor.java:635)
	at org.apache.tomcat.util.threads.TaskThread$WrappingRunnable.run(TaskThread.java:61)
	at java.base/java.lang.Thread.run(Thread.java:833)
2022-06-30 10:54:51,910 INFO  [http-nio-8092-exec-4] org.apache.coyote.http11.Http11Processor : Error parsing HTTP request header
 Note: further occurrences of HTTP request parsing errors will be logged at DEBUG level.
java.lang.IllegalArgumentException: Invalid character found in method name [0x160x030x010x020x000x010x000x010xfc0x030x030xa60xbc0x110xa6bH0xae`0xf0_0x0d"0xb80xbc@0x960x950xc4M0xd30xda"cL0xa4=0xe10xe60xee0xf3j0xe2]. HTTP method names must be tokens
	at org.apache.coyote.http11.Http11InputBuffer.parseRequestLine(Http11InputBuffer.java:417)
	at org.apache.coyote.http11.Http11Processor.service(Http11Processor.java:261)
	at org.apache.coyote.AbstractProcessorLight.process(AbstractProcessorLight.java:65)
	at org.apache.coyote.AbstractProtocol$ConnectionHandler.process(AbstractProtocol.java:887)
	at org.apache.tomcat.util.net.NioEndpoint$SocketProcessor.doRun(NioEndpoint.java:1684)
	at org.apache.tomcat.util.net.SocketProcessorBase.run(SocketProcessorBase.java:49)
	at java.base/java.util.concurrent.ThreadPoolExecutor.runWorker(ThreadPoolExecutor.java:1136)
	at java.base/java.util.concurrent.ThreadPoolExecutor$Worker.run(ThreadPoolExecutor.java:635)
	at org.apache.tomcat.util.threads.TaskThread$WrappingRunnable.run(TaskThread.java:61)
	at java.base/java.lang.Thread.run(Thread.java:833)
2022-06-30 10:55:54,587 INFO  [Thread-4] org.springframework.scheduling.concurrent.ThreadPoolTaskExecutor : Shutting down ExecutorService 'applicationTaskExecutor'
2022-06-30 10:55:54,591 INFO  [Thread-4] org.springframework.orm.jpa.LocalContainerEntityManagerFactoryBean : Closing JPA EntityManagerFactory for persistence unit 'default'
2022-06-30 10:55:54,596 INFO  [Thread-4] com.zaxxer.hikari.HikariDataSource : HikariPool-1 - Shutdown initiated...
2022-06-30 10:55:54,650 INFO  [Thread-4] com.zaxxer.hikari.HikariDataSource : HikariPool-1 - Shutdown completed.
2022-06-30 10:55:54,802 INFO  [restartedMain] com.pratian.PatientService.PatientServiceApplication : Starting PatientServiceApplication using Java 17.0.2 on DESKTOP-VAHVOAK with PID 2620 (E:\careerlabs\app\patient-service\target\classes started by ADMIN in E:\careerlabs\app\patient-service)
2022-06-30 10:55:54,803 INFO  [restartedMain] com.pratian.PatientService.PatientServiceApplication : The following profiles are active: local
2022-06-30 10:55:55,060 INFO  [restartedMain] org.springframework.data.repository.config.RepositoryConfigurationDelegate : Bootstrapping Spring Data JPA repositories in DEFAULT mode.
2022-06-30 10:55:55,086 INFO  [restartedMain] org.springframework.data.repository.config.RepositoryConfigurationDelegate : Finished Spring Data repository scanning in 24 ms. Found 5 JPA repository interfaces.
2022-06-30 10:55:55,207 INFO  [restartedMain] org.springframework.boot.web.embedded.tomcat.TomcatWebServer : Tomcat initialized with port(s): 8092 (https)
2022-06-30 10:55:55,209 INFO  [restartedMain] org.apache.catalina.core.StandardService : Starting service [Tomcat]
2022-06-30 10:55:55,209 INFO  [restartedMain] org.apache.catalina.core.StandardEngine : Starting Servlet engine: [Apache Tomcat/9.0.43]
2022-06-30 10:55:55,246 INFO  [restartedMain] org.apache.catalina.core.ContainerBase.[Tomcat].[localhost].[/patient] : Initializing Spring embedded WebApplicationContext
2022-06-30 10:55:55,247 INFO  [restartedMain] org.springframework.boot.web.servlet.context.ServletWebServerApplicationContext : Root WebApplicationContext: initialization completed in 441 ms
2022-06-30 10:55:55,294 INFO  [restartedMain] org.hibernate.jpa.internal.util.LogHelper : HHH000204: Processing PersistenceUnitInfo [name: default]
2022-06-30 10:55:55,300 INFO  [restartedMain] com.zaxxer.hikari.HikariDataSource : HikariPool-2 - Starting...
2022-06-30 10:55:55,325 INFO  [restartedMain] com.zaxxer.hikari.HikariDataSource : HikariPool-2 - Start completed.
2022-06-30 10:55:55,326 INFO  [restartedMain] org.hibernate.dialect.Dialect : HHH000400: Using dialect: org.hibernate.dialect.MySQL8Dialect
2022-06-30 10:55:55,600 INFO  [restartedMain] org.hibernate.engine.transaction.jta.platform.internal.JtaPlatformInitiator : HHH000490: Using JtaPlatform implementation: [org.hibernate.engine.transaction.jta.platform.internal.NoJtaPlatform]
2022-06-30 10:55:55,600 INFO  [restartedMain] org.springframework.orm.jpa.LocalContainerEntityManagerFactoryBean : Initialized JPA EntityManagerFactory for persistence unit 'default'
2022-06-30 10:55:55,619 INFO  [restartedMain] org.springframework.boot.devtools.autoconfigure.OptionalLiveReloadServer : LiveReload server is running on port 35729
2022-06-30 10:55:55,938 WARN  [restartedMain] org.springframework.boot.autoconfigure.orm.jpa.JpaBaseConfiguration$JpaWebConfiguration : spring.jpa.open-in-view is enabled by default. Therefore, database queries may be performed during view rendering. Explicitly configure spring.jpa.open-in-view to disable this warning
2022-06-30 10:55:55,967 INFO  [restartedMain] org.springframework.scheduling.concurrent.ThreadPoolTaskExecutor : Initializing ExecutorService 'applicationTaskExecutor'
2022-06-30 10:55:57,040 INFO  [restartedMain] org.springframework.boot.web.embedded.tomcat.TomcatWebServer : Tomcat started on port(s): 8092 (https) with context path '/patient'
2022-06-30 10:55:57,048 INFO  [restartedMain] com.pratian.PatientService.PatientServiceApplication : Started PatientServiceApplication in 2.301 seconds (JVM running for 435.56)
2022-06-30 10:55:57,052 INFO  [restartedMain] org.springframework.boot.devtools.autoconfigure.ConditionEvaluationDeltaLoggingListener : Condition evaluation unchanged
2022-06-30 10:56:20,962 INFO  [https-jsse-nio-8092-exec-5] org.apache.catalina.core.ContainerBase.[Tomcat].[localhost].[/patient] : Initializing Spring DispatcherServlet 'dispatcherServlet'
2022-06-30 10:56:20,963 INFO  [https-jsse-nio-8092-exec-5] org.springframework.web.servlet.DispatcherServlet : Initializing Servlet 'dispatcherServlet'
2022-06-30 10:56:20,964 INFO  [https-jsse-nio-8092-exec-5] org.springframework.web.servlet.DispatcherServlet : Completed initialization in 1 ms
2022-06-30 10:56:21,871 INFO  [https-jsse-nio-8092-exec-10] org.springdoc.api.AbstractOpenApiResource : Init duration for springdoc-openapi is: 192 ms
2022-06-30 11:01:53,638 INFO  [Thread-8] org.springframework.scheduling.concurrent.ThreadPoolTaskExecutor : Shutting down ExecutorService 'applicationTaskExecutor'
2022-06-30 11:01:53,642 INFO  [Thread-8] org.springframework.orm.jpa.LocalContainerEntityManagerFactoryBean : Closing JPA EntityManagerFactory for persistence unit 'default'
2022-06-30 11:01:53,644 INFO  [Thread-8] com.zaxxer.hikari.HikariDataSource : HikariPool-2 - Shutdown initiated...
2022-06-30 11:01:53,663 INFO  [Thread-8] com.zaxxer.hikari.HikariDataSource : HikariPool-2 - Shutdown completed.
2022-06-30 11:01:53,792 INFO  [restartedMain] com.pratian.PatientService.PatientServiceApplication : Starting PatientServiceApplication using Java 17.0.2 on DESKTOP-VAHVOAK with PID 2620 (E:\careerlabs\app\patient-service\target\classes started by ADMIN in E:\careerlabs\app\patient-service)
2022-06-30 11:01:53,794 INFO  [restartedMain] com.pratian.PatientService.PatientServiceApplication : The following profiles are active: local
2022-06-30 11:01:54,238 INFO  [restartedMain] org.springframework.data.repository.config.RepositoryConfigurationDelegate : Bootstrapping Spring Data JPA repositories in DEFAULT mode.
2022-06-30 11:01:54,276 INFO  [restartedMain] org.springframework.data.repository.config.RepositoryConfigurationDelegate : Finished Spring Data repository scanning in 37 ms. Found 5 JPA repository interfaces.
2022-06-30 11:01:54,434 INFO  [restartedMain] org.springframework.boot.web.embedded.tomcat.TomcatWebServer : Tomcat initialized with port(s): 8092 (http)
2022-06-30 11:01:54,435 INFO  [restartedMain] org.apache.catalina.core.StandardService : Starting service [Tomcat]
2022-06-30 11:01:54,435 INFO  [restartedMain] org.apache.catalina.core.StandardEngine : Starting Servlet engine: [Apache Tomcat/9.0.43]
2022-06-30 11:01:54,470 INFO  [restartedMain] org.apache.catalina.core.ContainerBase.[Tomcat].[localhost].[/patient] : Initializing Spring embedded WebApplicationContext
2022-06-30 11:01:54,470 INFO  [restartedMain] org.springframework.boot.web.servlet.context.ServletWebServerApplicationContext : Root WebApplicationContext: initialization completed in 669 ms
2022-06-30 11:01:54,530 INFO  [restartedMain] org.hibernate.jpa.internal.util.LogHelper : HHH000204: Processing PersistenceUnitInfo [name: default]
2022-06-30 11:01:54,537 INFO  [restartedMain] com.zaxxer.hikari.HikariDataSource : HikariPool-3 - Starting...
2022-06-30 11:01:54,606 INFO  [restartedMain] com.zaxxer.hikari.HikariDataSource : HikariPool-3 - Start completed.
2022-06-30 11:01:54,606 INFO  [restartedMain] org.hibernate.dialect.Dialect : HHH000400: Using dialect: org.hibernate.dialect.MySQL8Dialect
2022-06-30 11:01:54,805 INFO  [restartedMain] org.hibernate.engine.transaction.jta.platform.internal.JtaPlatformInitiator : HHH000490: Using JtaPlatform implementation: [org.hibernate.engine.transaction.jta.platform.internal.NoJtaPlatform]
2022-06-30 11:01:54,806 INFO  [restartedMain] org.springframework.orm.jpa.LocalContainerEntityManagerFactoryBean : Initialized JPA EntityManagerFactory for persistence unit 'default'
2022-06-30 11:01:54,824 INFO  [restartedMain] org.springframework.boot.devtools.autoconfigure.OptionalLiveReloadServer : LiveReload server is running on port 35729
2022-06-30 11:01:55,147 WARN  [restartedMain] org.springframework.boot.autoconfigure.orm.jpa.JpaBaseConfiguration$JpaWebConfiguration : spring.jpa.open-in-view is enabled by default. Therefore, database queries may be performed during view rendering. Explicitly configure spring.jpa.open-in-view to disable this warning
2022-06-30 11:01:55,175 INFO  [restartedMain] org.springframework.scheduling.concurrent.ThreadPoolTaskExecutor : Initializing ExecutorService 'applicationTaskExecutor'
2022-06-30 11:01:55,822 INFO  [restartedMain] org.springframework.boot.web.embedded.tomcat.TomcatWebServer : Tomcat started on port(s): 8092 (http) with context path '/patient'
2022-06-30 11:01:55,829 INFO  [restartedMain] com.pratian.PatientService.PatientServiceApplication : Started PatientServiceApplication in 2.082 seconds (JVM running for 794.358)
2022-06-30 11:01:55,833 INFO  [restartedMain] org.springframework.boot.devtools.autoconfigure.ConditionEvaluationDeltaLoggingListener : Condition evaluation unchanged
2022-06-30 11:02:45,765 INFO  [Thread-13] org.springframework.scheduling.concurrent.ThreadPoolTaskExecutor : Shutting down ExecutorService 'applicationTaskExecutor'
2022-06-30 11:02:45,767 INFO  [Thread-13] org.springframework.orm.jpa.LocalContainerEntityManagerFactoryBean : Closing JPA EntityManagerFactory for persistence unit 'default'
2022-06-30 11:02:45,768 INFO  [Thread-13] com.zaxxer.hikari.HikariDataSource : HikariPool-3 - Shutdown initiated...
2022-06-30 11:02:45,776 INFO  [Thread-13] com.zaxxer.hikari.HikariDataSource : HikariPool-3 - Shutdown completed.
2022-06-30 11:02:45,888 INFO  [restartedMain] com.pratian.PatientService.PatientServiceApplication : Starting PatientServiceApplication using Java 17.0.2 on DESKTOP-VAHVOAK with PID 2620 (E:\careerlabs\app\patient-service\target\classes started by ADMIN in E:\careerlabs\app\patient-service)
2022-06-30 11:02:45,888 INFO  [restartedMain] com.pratian.PatientService.PatientServiceApplication : The following profiles are active: local
2022-06-30 11:02:46,132 INFO  [restartedMain] org.springframework.data.repository.config.RepositoryConfigurationDelegate : Bootstrapping Spring Data JPA repositories in DEFAULT mode.
2022-06-30 11:02:46,154 INFO  [restartedMain] org.springframework.data.repository.config.RepositoryConfigurationDelegate : Finished Spring Data repository scanning in 21 ms. Found 5 JPA repository interfaces.
2022-06-30 11:02:46,246 INFO  [restartedMain] org.springframework.boot.web.embedded.tomcat.TomcatWebServer : Tomcat initialized with port(s): 8092 (http)
2022-06-30 11:02:46,247 INFO  [restartedMain] org.apache.catalina.core.StandardService : Starting service [Tomcat]
2022-06-30 11:02:46,247 INFO  [restartedMain] org.apache.catalina.core.StandardEngine : Starting Servlet engine: [Apache Tomcat/9.0.43]
2022-06-30 11:02:46,275 INFO  [restartedMain] org.apache.catalina.core.ContainerBase.[Tomcat].[localhost].[/patient] : Initializing Spring embedded WebApplicationContext
2022-06-30 11:02:46,275 INFO  [restartedMain] org.springframework.boot.web.servlet.context.ServletWebServerApplicationContext : Root WebApplicationContext: initialization completed in 384 ms
2022-06-30 11:02:46,324 INFO  [restartedMain] org.hibernate.jpa.internal.util.LogHelper : HHH000204: Processing PersistenceUnitInfo [name: default]
2022-06-30 11:02:46,342 INFO  [restartedMain] com.zaxxer.hikari.HikariDataSource : HikariPool-4 - Starting...
2022-06-30 11:02:47,173 INFO  [restartedMain] com.zaxxer.hikari.HikariDataSource : HikariPool-4 - Start completed.
2022-06-30 11:02:47,175 INFO  [restartedMain] org.hibernate.dialect.Dialect : HHH000400: Using dialect: org.hibernate.dialect.MySQL8Dialect
2022-06-30 11:02:48,147 INFO  [restartedMain] org.hibernate.engine.transaction.jta.platform.internal.JtaPlatformInitiator : HHH000490: Using JtaPlatform implementation: [org.hibernate.engine.transaction.jta.platform.internal.NoJtaPlatform]
2022-06-30 11:02:48,148 INFO  [restartedMain] org.springframework.orm.jpa.LocalContainerEntityManagerFactoryBean : Initialized JPA EntityManagerFactory for persistence unit 'default'
2022-06-30 11:02:48,185 INFO  [restartedMain] org.springframework.boot.devtools.autoconfigure.OptionalLiveReloadServer : LiveReload server is running on port 35729
2022-06-30 11:02:48,188 WARN  [restartedMain] org.springframework.boot.web.servlet.context.AnnotationConfigServletWebServerApplicationContext : Exception encountered during context initialization - cancelling refresh attempt: org.springframework.beans.factory.BeanCreationException: Error creating bean with name 'patientServiceApplication': Injection of autowired dependencies failed; nested exception is java.lang.IllegalArgumentException: Could not resolve placeholder 'swagger.url.localURL' in value "${swagger.url.localURL}"
2022-06-30 11:02:48,188 INFO  [restartedMain] org.springframework.orm.jpa.LocalContainerEntityManagerFactoryBean : Closing JPA EntityManagerFactory for persistence unit 'default'
2022-06-30 11:02:48,188 INFO  [restartedMain] com.zaxxer.hikari.HikariDataSource : HikariPool-4 - Shutdown initiated...
2022-06-30 11:02:48,514 INFO  [restartedMain] com.zaxxer.hikari.HikariDataSource : HikariPool-4 - Shutdown completed.
2022-06-30 11:02:48,516 INFO  [restartedMain] org.apache.catalina.core.StandardService : Stopping service [Tomcat]
2022-06-30 11:02:48,532 INFO  [restartedMain] org.springframework.boot.autoconfigure.logging.ConditionEvaluationReportLoggingListener : 

Error starting ApplicationContext. To display the conditions report re-run your application with 'debug' enabled.
2022-06-30 11:02:48,554 ERROR [restartedMain] org.springframework.boot.SpringApplication : Application run failed
org.springframework.beans.factory.BeanCreationException: Error creating bean with name 'patientServiceApplication': Injection of autowired dependencies failed; nested exception is java.lang.IllegalArgumentException: Could not resolve placeholder 'swagger.url.localURL' in value "${swagger.url.localURL}"
	at org.springframework.beans.factory.annotation.AutowiredAnnotationBeanPostProcessor.postProcessProperties(AutowiredAnnotationBeanPostProcessor.java:405) ~[spring-beans-5.3.4.jar:5.3.4]
	at org.springframework.beans.factory.support.AbstractAutowireCapableBeanFactory.populateBean(AbstractAutowireCapableBeanFactory.java:1413) ~[spring-beans-5.3.4.jar:5.3.4]
	at org.springframework.beans.factory.support.AbstractAutowireCapableBeanFactory.doCreateBean(AbstractAutowireCapableBeanFactory.java:601) ~[spring-beans-5.3.4.jar:5.3.4]
	at org.springframework.beans.factory.support.AbstractAutowireCapableBeanFactory.createBean(AbstractAutowireCapableBeanFactory.java:524) ~[spring-beans-5.3.4.jar:5.3.4]
	at org.springframework.beans.factory.support.AbstractBeanFactory.lambda$doGetBean$0(AbstractBeanFactory.java:335) ~[spring-beans-5.3.4.jar:5.3.4]
	at org.springframework.beans.factory.support.DefaultSingletonBeanRegistry.getSingleton(DefaultSingletonBeanRegistry.java:234) ~[spring-beans-5.3.4.jar:5.3.4]
	at org.springframework.beans.factory.support.AbstractBeanFactory.doGetBean(AbstractBeanFactory.java:333) ~[spring-beans-5.3.4.jar:5.3.4]
	at org.springframework.beans.factory.support.AbstractBeanFactory.getBean(AbstractBeanFactory.java:208) ~[spring-beans-5.3.4.jar:5.3.4]
	at org.springframework.beans.factory.support.DefaultListableBeanFactory.preInstantiateSingletons(DefaultListableBeanFactory.java:944) ~[spring-beans-5.3.4.jar:5.3.4]
	at org.springframework.context.support.AbstractApplicationContext.finishBeanFactoryInitialization(AbstractApplicationContext.java:917) ~[spring-context-5.3.4.jar:5.3.4]
	at org.springframework.context.support.AbstractApplicationContext.refresh(AbstractApplicationContext.java:582) ~[spring-context-5.3.4.jar:5.3.4]
	at org.springframework.boot.web.servlet.context.ServletWebServerApplicationContext.refresh(ServletWebServerApplicationContext.java:144) ~[spring-boot-2.4.3.jar:2.4.3]
	at org.springframework.boot.SpringApplication.refresh(SpringApplication.java:767) ~[spring-boot-2.4.3.jar:2.4.3]
	at org.springframework.boot.SpringApplication.refresh(SpringApplication.java:759) ~[spring-boot-2.4.3.jar:2.4.3]
	at org.springframework.boot.SpringApplication.refreshContext(SpringApplication.java:426) ~[spring-boot-2.4.3.jar:2.4.3]
	at org.springframework.boot.SpringApplication.run(SpringApplication.java:326) ~[spring-boot-2.4.3.jar:2.4.3]
	at org.springframework.boot.SpringApplication.run(SpringApplication.java:1311) ~[spring-boot-2.4.3.jar:2.4.3]
	at org.springframework.boot.SpringApplication.run(SpringApplication.java:1300) ~[spring-boot-2.4.3.jar:2.4.3]
	at com.pratian.PatientService.PatientServiceApplication.main(PatientServiceApplication.java:22) ~[classes/:na]
	at java.base/jdk.internal.reflect.NativeMethodAccessorImpl.invoke0(Native Method) ~[na:na]
	at java.base/jdk.internal.reflect.NativeMethodAccessorImpl.invoke(NativeMethodAccessorImpl.java:77) ~[na:na]
	at java.base/jdk.internal.reflect.DelegatingMethodAccessorImpl.invoke(DelegatingMethodAccessorImpl.java:43) ~[na:na]
	at java.base/java.lang.reflect.Method.invoke(Method.java:568) ~[na:na]
	at org.springframework.boot.devtools.restart.RestartLauncher.run(RestartLauncher.java:49) ~[spring-boot-devtools-2.4.3.jar:2.4.3]
Caused by: java.lang.IllegalArgumentException: Could not resolve placeholder 'swagger.url.localURL' in value "${swagger.url.localURL}"
	at org.springframework.util.PropertyPlaceholderHelper.parseStringValue(PropertyPlaceholderHelper.java:178) ~[spring-core-5.3.4.jar:5.3.4]
	at org.springframework.util.PropertyPlaceholderHelper.replacePlaceholders(PropertyPlaceholderHelper.java:124) ~[spring-core-5.3.4.jar:5.3.4]
	at org.springframework.core.env.AbstractPropertyResolver.doResolvePlaceholders(AbstractPropertyResolver.java:239) ~[spring-core-5.3.4.jar:5.3.4]
	at org.springframework.core.env.AbstractPropertyResolver.resolveRequiredPlaceholders(AbstractPropertyResolver.java:210) ~[spring-core-5.3.4.jar:5.3.4]
	at org.springframework.context.support.PropertySourcesPlaceholderConfigurer.lambda$processProperties$0(PropertySourcesPlaceholderConfigurer.java:175) ~[spring-context-5.3.4.jar:5.3.4]
	at org.springframework.beans.factory.support.AbstractBeanFactory.resolveEmbeddedValue(AbstractBeanFactory.java:936) ~[spring-beans-5.3.4.jar:5.3.4]
	at org.springframework.beans.factory.support.DefaultListableBeanFactory.doResolveDependency(DefaultListableBeanFactory.java:1321) ~[spring-beans-5.3.4.jar:5.3.4]
	at org.springframework.beans.factory.support.DefaultListableBeanFactory.resolveDependency(DefaultListableBeanFactory.java:1300) ~[spring-beans-5.3.4.jar:5.3.4]
	at org.springframework.beans.factory.annotation.AutowiredAnnotationBeanPostProcessor$AutowiredFieldElement.resolveFieldValue(AutowiredAnnotationBeanPostProcessor.java:657) ~[spring-beans-5.3.4.jar:5.3.4]
	at org.springframework.beans.factory.annotation.AutowiredAnnotationBeanPostProcessor$AutowiredFieldElement.inject(AutowiredAnnotationBeanPostProcessor.java:640) ~[spring-beans-5.3.4.jar:5.3.4]
	at org.springframework.beans.factory.annotation.InjectionMetadata.inject(InjectionMetadata.java:119) ~[spring-beans-5.3.4.jar:5.3.4]
	at org.springframework.beans.factory.annotation.AutowiredAnnotationBeanPostProcessor.postProcessProperties(AutowiredAnnotationBeanPostProcessor.java:399) ~[spring-beans-5.3.4.jar:5.3.4]
	... 23 common frames omitted
2022-06-30 11:03:39,664 INFO  [restartedMain] com.pratian.PatientService.PatientServiceApplication : Starting PatientServiceApplication using Java 17.0.2 on DESKTOP-VAHVOAK with PID 2620 (E:\careerlabs\app\patient-service\target\classes started by ADMIN in E:\careerlabs\app\patient-service)
2022-06-30 11:03:39,664 INFO  [restartedMain] com.pratian.PatientService.PatientServiceApplication : The following profiles are active: local
